CRITICAL - 2022-01-25 02:03:50 --> The framework needs the following extension(s) installed and loaded: intl.
#0 C:\xampp\htdocs\e-arsip\system\CodeIgniter.php(228): CodeIgniter\Exceptions\FrameworkException::forMissingExtension('intl')
#1 C:\xampp\htdocs\e-arsip\system\CodeIgniter.php(180): CodeIgniter\CodeIgniter->resolvePlatformExtensions()
#2 C:\xampp\htdocs\e-arsip\system\bootstrap.php(157): CodeIgniter\CodeIgniter->initialize()
#3 C:\xampp\htdocs\e-arsip\index.php(28): require('C:\\xampp\\htdocs...')
#4 {main}
CRITICAL - 2022-01-25 02:03:50 --> The framework needs the following extension(s) installed and loaded: intl.
#0 C:\xampp\htdocs\e-arsip\system\CodeIgniter.php(228): CodeIgniter\Exceptions\FrameworkException::forMissingExtension('intl')
#1 C:\xampp\htdocs\e-arsip\system\CodeIgniter.php(180): CodeIgniter\CodeIgniter->resolvePlatformExtensions()
#2 C:\xampp\htdocs\e-arsip\system\bootstrap.php(157): CodeIgniter\CodeIgniter->initialize()
#3 C:\xampp\htdocs\e-arsip\index.php(28): require('C:\\xampp\\htdocs...')
#4 {main}
CRITICAL - 2022-01-25 02:07:42 --> The framework needs the following extension(s) installed and loaded: intl.
#0 C:\xampp\htdocs\e-arsip\system\CodeIgniter.php(228): CodeIgniter\Exceptions\FrameworkException::forMissingExtension('intl')
#1 C:\xampp\htdocs\e-arsip\system\CodeIgniter.php(180): CodeIgniter\CodeIgniter->resolvePlatformExtensions()
#2 C:\xampp\htdocs\e-arsip\system\bootstrap.php(157): CodeIgniter\CodeIgniter->initialize()
#3 C:\xampp\htdocs\e-arsip\index.php(28): require('C:\\xampp\\htdocs...')
#4 {main}
CRITICAL - 2022-01-25 02:07:42 --> The framework needs the following extension(s) installed and loaded: intl.
#0 C:\xampp\htdocs\e-arsip\system\CodeIgniter.php(228): CodeIgniter\Exceptions\FrameworkException::forMissingExtension('intl')
#1 C:\xampp\htdocs\e-arsip\system\CodeIgniter.php(180): CodeIgniter\CodeIgniter->resolvePlatformExtensions()
#2 C:\xampp\htdocs\e-arsip\system\bootstrap.php(157): CodeIgniter\CodeIgniter->initialize()
#3 C:\xampp\htdocs\e-arsip\index.php(28): require('C:\\xampp\\htdocs...')
#4 {main}
CRITICAL - 2022-01-25 02:09:28 --> The framework needs the following extension(s) installed and loaded: intl.
#0 C:\xampp\htdocs\e-arsip\system\CodeIgniter.php(228): CodeIgniter\Exceptions\FrameworkException::forMissingExtension('intl')
#1 C:\xampp\htdocs\e-arsip\system\CodeIgniter.php(180): CodeIgniter\CodeIgniter->resolvePlatformExtensions()
#2 C:\xampp\htdocs\e-arsip\system\bootstrap.php(157): CodeIgniter\CodeIgniter->initialize()
#3 C:\xampp\htdocs\e-arsip\index.php(28): require('C:\\xampp\\htdocs...')
#4 {main}
CRITICAL - 2022-01-25 02:09:28 --> The framework needs the following extension(s) installed and loaded: intl.
#0 C:\xampp\htdocs\e-arsip\system\CodeIgniter.php(228): CodeIgniter\Exceptions\FrameworkException::forMissingExtension('intl')
#1 C:\xampp\htdocs\e-arsip\system\CodeIgniter.php(180): CodeIgniter\CodeIgniter->resolvePlatformExtensions()
#2 C:\xampp\htdocs\e-arsip\system\bootstrap.php(157): CodeIgniter\CodeIgniter->initialize()
#3 C:\xampp\htdocs\e-arsip\index.php(28): require('C:\\xampp\\htdocs...')
#4 {main}
